c:\users\ron\source\repos\sre\sre\debug\vc141.pdb
c:\users\ron\source\repos\sre\sre\debug\vc141.idb
c:\users\ron\source\repos\sre\sre\debug\utils.obj
c:\users\ron\source\repos\sre\sre\debug\shaderprogram.obj
c:\users\ron\source\repos\sre\sre\debug\shadermanager.obj
c:\users\ron\source\repos\sre\sre\debug\shader.obj
c:\users\ron\source\repos\sre\sre\debug\log.obj
c:\users\ron\source\repos\sre\sre\debug\window.obj
c:\users\ron\source\repos\sre\sre\debug\app.obj
c:\users\ron\source\repos\sre\sre\debug\main.obj
c:\users\ron\source\repos\sre\sre\debug\texture.obj
c:\users\ron\source\repos\sre\sre\debug\model.obj
c:\users\ron\source\repos\sre\sre\debug\mesh.obj
c:\users\ron\source\repos\sre\sre\debug\camera.obj
c:\users\ron\source\repos\sre\sre\debug\transform.obj
c:\users\ron\source\repos\sre\sre\debug\cube.obj
c:\users\ron\source\repos\sre\sre\debug\head.obj
c:\users\ron\source\repos\sre\sre\debug\suzanne.obj
c:\users\ron\source\repos\sre\sre\debug\teapot.obj
c:\users\ron\source\repos\sre\debug\sre.pdb
c:\users\ron\source\repos\sre\sre\debug\sre.tlog\cl.command.1.tlog
c:\users\ron\source\repos\sre\sre\debug\sre.tlog\cl.read.1.tlog
c:\users\ron\source\repos\sre\sre\debug\sre.tlog\cl.write.1.tlog
c:\users\ron\source\repos\sre\sre\debug\sre.tlog\link-cvtres.read.1.tlog
c:\users\ron\source\repos\sre\sre\debug\sre.tlog\link-cvtres.write.1.tlog
c:\users\ron\source\repos\sre\sre\debug\sre.tlog\link-rc.read.1.tlog
c:\users\ron\source\repos\sre\sre\debug\sre.tlog\link-rc.write.1.tlog
c:\users\ron\source\repos\sre\sre\debug\sre.tlog\link.15856-cvtres.read.1.tlog
c:\users\ron\source\repos\sre\sre\debug\sre.tlog\link.15856-cvtres.write.1.tlog
c:\users\ron\source\repos\sre\sre\debug\sre.tlog\link.15856-rc.read.1.tlog
c:\users\ron\source\repos\sre\sre\debug\sre.tlog\link.15856-rc.write.1.tlog
c:\users\ron\source\repos\sre\sre\debug\sre.tlog\link.15856.read.1.tlog
c:\users\ron\source\repos\sre\sre\debug\sre.tlog\link.15856.write.1.tlog
c:\users\ron\source\repos\sre\sre\debug\sre.tlog\link.command.1.tlog
c:\users\ron\source\repos\sre\sre\debug\sre.tlog\link.read.1.tlog
c:\users\ron\source\repos\sre\sre\debug\sre.tlog\link.write.1.tlog
